<?xml version="1.0" encoding="UTF-8"?>
<!-- Generated by org.testng.reporters.JUnitXMLReporter -->
<testsuite ignored="0" hostname="LAPTOP-DDAIILUL" failures="0" tests="3" name="Default test" time="55.65" errors="0" timestamp="2023-10-06T21:53:03 IST">
  <testcase classname="annotations_TestNG.Anotations" name="amz" time="11.558"/>
  <testcase classname="annotations_TestNG.Anotations" name="fb" time="7.675"/>
  <testcase classname="annotations_TestNG.Anotations" name="snapdeel" time="8.157"/>
</testsuite> <!-- Default test -->
