<?xml version="1.0" encoding="UTF-8"?>
<!-- Generated by org.testng.reporters.JUnitXMLReporter -->
<testsuite ignored="0" hostname="LAPTOP-DDAIILUL" failures="1" tests="3" name="Test" time="68.311" errors="0" timestamp="2023-10-06T20:20:58 IST">
  <testcase classname="failling_TestNG.fb" name="fb1" time="0.026">
    <failure type="java.lang.Error" message="Unresolved compilation problem: 
	Syntax error on token &amp;quot;)&amp;quot;, delete this token
">
      <![CDATA[java.lang.Error: Unresolved compilation problem: 
Syntax error on token ")", delete this token

at failling_TestNG.fb.fb1(fb.java:27)
at java.base/java.util.ArrayList.forEach(ArrayList.java:1511)
... Removed 25 stack frames]]>
    </failure>
  </testcase> <!-- fb1 -->
  <testcase classname="failling_TestNG.snapdeel" name="snap" time="36.887"/>
  <testcase classname="failling_TestNG.amz" name="amz1" time="31.313"/>
</testsuite> <!-- Test -->
