<?xml version="1.0" encoding="UTF-8"?>
<testng-results ignored="0" total="3" passed="3" failed="0" skipped="0">
  <reporter-output>
  </reporter-output>
  <suite started-at="2023-10-06T21:52:07 IST" name="Default suite" finished-at="2023-10-06T21:53:03 IST" duration-ms="55650">
    <groups>
    </groups>
    <test started-at="2023-10-06T21:52:07 IST" name="Default test" finished-at="2023-10-06T21:53:03 IST" duration-ms="55650">
      <class name="annotations_TestNG.Anotations">
        <test-method is-config="true" signature="opening()[pri:0, instance:annotations_TestNG.Anotations@128d2484]" started-at="2023-10-06T21:52:07 IST" name="opening" finished-at="2023-10-06T21:52:12 IST" duration-ms="4393" status="PASS">
          <reporter-output>
          </reporter-output>
        </test-method> <!-- opening -->
        <test-method signature="amz()[pri:0, instance:annotations_TestNG.Anotations@128d2484]" started-at="2023-10-06T21:52:12 IST" name="amz" finished-at="2023-10-06T21:52:23 IST" duration-ms="11558" status="PASS">
          <reporter-output>
          </reporter-output>
        </test-method> <!-- amz -->
        <test-method is-config="true" signature="quit()[pri:0, instance:annotations_TestNG.Anotations@128d2484]" started-at="2023-10-06T21:52:23 IST" name="quit" finished-at="2023-10-06T21:52:27 IST" duration-ms="3250" status="PASS">
          <reporter-output>
          </reporter-output>
        </test-method> <!-- quit -->
        <test-method is-config="true" signature="opening()[pri:0, instance:annotations_TestNG.Anotations@128d2484]" started-at="2023-10-06T21:52:27 IST" name="opening" finished-at="2023-10-06T21:52:30 IST" duration-ms="3581" status="PASS">
          <reporter-output>
          </reporter-output>
        </test-method> <!-- opening -->
        <test-method signature="fb()[pri:0, instance:annotations_TestNG.Anotations@128d2484]" started-at="2023-10-06T21:52:30 IST" name="fb" finished-at="2023-10-06T21:52:38 IST" duration-ms="7675" status="PASS">
          <reporter-output>
          </reporter-output>
        </test-method> <!-- fb -->
        <test-method is-config="true" signature="quit()[pri:0, instance:annotations_TestNG.Anotations@128d2484]" started-at="2023-10-06T21:52:38 IST" name="quit" finished-at="2023-10-06T21:52:42 IST" duration-ms="3765" status="PASS">
          <reporter-output>
          </reporter-output>
        </test-method> <!-- quit -->
        <test-method is-config="true" signature="opening()[pri:0, instance:annotations_TestNG.Anotations@128d2484]" started-at="2023-10-06T21:52:42 IST" name="opening" finished-at="2023-10-06T21:52:45 IST" duration-ms="3635" status="PASS">
          <reporter-output>
          </reporter-output>
        </test-method> <!-- opening -->
        <test-method signature="snapdeel()[pri:0, instance:annotations_TestNG.Anotations@128d2484]" started-at="2023-10-06T21:52:45 IST" name="snapdeel" finished-at="2023-10-06T21:52:53 IST" duration-ms="8157" status="PASS">
          <reporter-output>
          </reporter-output>
        </test-method> <!-- snapdeel -->
        <test-method is-config="true" signature="quit()[pri:0, instance:annotations_TestNG.Anotations@128d2484]" started-at="2023-10-06T21:52:53 IST" name="quit" finished-at="2023-10-06T21:53:03 IST" duration-ms="9532" status="PASS">
          <reporter-output>
          </reporter-output>
        </test-method> <!-- quit -->
      </class> <!-- annotations_TestNG.Anotations -->
    </test> <!-- Default test -->
  </suite> <!-- Default suite -->
</testng-results>
